c:\users\nerea\documents\github\proyecto-informatica-21\metalslug\tmp\debug\vc142.pdb
c:\users\nerea\documents\github\proyecto-informatica-21\metalslug\tmp\debug\vc142.idb
c:\users\nerea\documents\github\proyecto-informatica-21\metalslug\tmp\debug\vector2d.obj
c:\users\nerea\documents\github\proyecto-informatica-21\metalslug\tmp\debug\pared.obj
c:\users\nerea\documents\github\proyecto-informatica-21\metalslug\tmp\debug\niveles.obj
c:\users\nerea\documents\github\proyecto-informatica-21\metalslug\tmp\debug\metalslug.obj
c:\users\nerea\documents\github\proyecto-informatica-21\metalslug\tmp\debug\listaplataformas.obj
c:\users\nerea\documents\github\proyecto-informatica-21\metalslug\tmp\debug\listadisparos.obj
c:\users\nerea\documents\github\proyecto-informatica-21\metalslug\tmp\debug\interacciones.obj
c:\users\nerea\documents\github\proyecto-informatica-21\metalslug\tmp\debug\hombre.obj
c:\users\nerea\documents\github\proyecto-informatica-21\metalslug\tmp\debug\dragon.obj
c:\users\nerea\documents\github\proyecto-informatica-21\metalslug\tmp\debug\disparo.obj
c:\users\nerea\documents\github\proyecto-informatica-21\metalslug\tmp\debug\mundo.obj
c:\users\nerea\documents\github\proyecto-informatica-21\metalslug\bin\metalslug.exe
c:\users\nerea\documents\github\proyecto-informatica-21\metalslug\bin\metalslug.ilk
c:\users\nerea\documents\github\proyecto-informatica-21\metalslug\bin\metalslug.pdb
c:\users\nerea\documents\github\proyecto-informatica-21\metalslug\tmp\debug\metalslug.tlog\cl.command.1.tlog
c:\users\nerea\documents\github\proyecto-informatica-21\metalslug\tmp\debug\metalslug.tlog\cl.read.1.tlog
c:\users\nerea\documents\github\proyecto-informatica-21\metalslug\tmp\debug\metalslug.tlog\cl.write.1.tlog
c:\users\nerea\documents\github\proyecto-informatica-21\metalslug\tmp\debug\metalslug.tlog\link.command.1.tlog
c:\users\nerea\documents\github\proyecto-informatica-21\metalslug\tmp\debug\metalslug.tlog\link.read.1.tlog
c:\users\nerea\documents\github\proyecto-informatica-21\metalslug\tmp\debug\metalslug.tlog\link.write.1.tlog
